build/app/intermediates/manifest_merge_blame_file/release/manifest-merger-blame-release-report.txt
1<?xml version="1.0" encoding="utf-8"?>
2<manifest xmlns:android="http://schemas.android.com/apk/res/android"
3    package="fitness.elastica"
4    android:versionCode="1"
5    android:versionName="1.0.0" >
6
7    <uses-sdk
8        android:minSdkVersion="21"
8-->src\main\AndroidManifest.xml
9        android:targetSdkVersion="29" />
9-->src\main\AndroidManifest.xml
10
11    <uses-permission android:name="android.permission.INTERNET" />
11-->src\main\AndroidManifest.xml:3:5-67
11-->src\main\AndroidManifest.xml:3:22-64
12    <uses-permission android:name="android.permission.ACCESS_NETWORK_STATE" />
12-->[com.google.android.gms:play-services-measurement:17.2.2] AndroidManifest.xml:24:5-79
12-->[com.google.android.gms:play-services-measurement:17.2.2] AndroidManifest.xml:24:22-76
13    <uses-permission android:name="android.permission.WAKE_LOCK" />
13-->[com.google.android.gms:play-services-measurement:17.2.2] AndroidManifest.xml:25:5-68
13-->[com.google.android.gms:play-services-measurement:17.2.2] AndroidManifest.xml:25:22-65
14    <uses-permission android:name="com.google.android.finsky.permission.BIND_GET_INSTALL_REFERRER_SERVICE" /> <!-- Required by older versions of Google Play services to create IID tokens -->
14-->[com.google.android.gms:play-services-measurement:17.2.2] AndroidManifest.xml:26:5-110
14-->[com.google.android.gms:play-services-measurement:17.2.2] AndroidManifest.xml:26:22-107
15    <uses-permission android:name="com.google.android.c2dm.permission.RECEIVE" />
15-->[com.google.firebase:firebase-iid:20.0.2] AndroidManifest.xml:26:5-82
15-->[com.google.firebase:firebase-iid:20.0.2] AndroidManifest.xml:26:22-79
16    <!--
17 io.flutter.app.FlutterApplication is an android.app.Application that
18         calls FlutterMain.startInitialization(this); in its onCreate method.
19         In most cases you can leave this as-is, but you if you want to provide
20         additional functionality it is fine to subclass or reimplement
21         FlutterApplication and put your custom class here.
22    -->
23    <application
23-->src\main\AndroidManifest.xml:9:5-30:19
24        android:name="io.flutter.app.FlutterApplication"
24-->src\main\AndroidManifest.xml:10:9-57
25        android:appComponentFactory="androidx.core.app.CoreComponentFactory"
25-->[androidx.core:core:1.0.0] AndroidManifest.xml:22:18-86
26        android:icon="@mipmap/ic_launcher"
26-->src\main\AndroidManifest.xml:12:9-43
27        android:label="Elastica" >
27-->src\main\AndroidManifest.xml:11:9-33
28        <activity
28-->src\main\AndroidManifest.xml:13:9-24:20
29            android:name="fitness.elastica.MainActivity"
29-->src\main\AndroidManifest.xml:14:13-41
30            android:configChanges="orientation|keyboardHidden|keyboard|screenSize|smallestScreenSize|locale|layoutDirection|fontScale|screenLayout|density|uiMode"
30-->src\main\AndroidManifest.xml:17:13-163
31            android:hardwareAccelerated="true"
31-->src\main\AndroidManifest.xml:18:13-47
32            android:launchMode="singleTop"
32-->src\main\AndroidManifest.xml:15:13-43
33            android:theme="@style/LaunchTheme"
33-->src\main\AndroidManifest.xml:16:13-47
34            android:windowSoftInputMode="adjustResize" >
34-->src\main\AndroidManifest.xml:19:13-55
35            <intent-filter>
35-->src\main\AndroidManifest.xml:20:13-23:29
36                <action android:name="android.intent.action.MAIN" />
36-->src\main\AndroidManifest.xml:21:17-68
36-->src\main\AndroidManifest.xml:21:25-66
37
38                <category android:name="android.intent.category.LAUNCHER" />
38-->src\main\AndroidManifest.xml:22:17-76
38-->src\main\AndroidManifest.xml:22:27-74
39            </intent-filter>
40        </activity>
41        <!--
42             Don't delete the meta-data below.
43             This is used by the Flutter tool to generate GeneratedPluginRegistrant.java
44        -->
45        <meta-data
45-->src\main\AndroidManifest.xml:27:9-29:33
46            android:name="flutterEmbedding"
46-->src\main\AndroidManifest.xml:28:13-44
47            android:value="2" />
47-->src\main\AndroidManifest.xml:29:13-30
48
49        <service
49-->[:firebase_storage] AndroidManifest.xml:8:9-12:19
50            android:name="com.google.firebase.components.ComponentDiscoveryService"
50-->[:firebase_storage] AndroidManifest.xml:8:18-89
51            android:directBootAware="true"
51-->[com.google.firebase:firebase-common:19.3.0] AndroidManifest.xml:34:13-43
52            android:exported="false" >
52-->[com.google.android.gms:play-services-measurement-api:17.2.2] AndroidManifest.xml:29:13-37
53            <meta-data
53-->[:firebase_storage] AndroidManifest.xml:9:13-11:85
54                android:name="com.google.firebase.components:io.flutter.plugins.firebase.storage.FlutterFirebaseAppRegistrar"
54-->[:firebase_storage] AndroidManifest.xml:10:17-126
55                android:value="com.google.firebase.components.ComponentRegistrar" />
55-->[:firebase_storage] AndroidManifest.xml:11:17-82
56            <meta-data
56-->[:firebase_core] AndroidManifest.xml:9:13-11:85
57                android:name="com.google.firebase.components:io.flutter.plugins.firebase.core.FlutterFirebaseAppRegistrar"
57-->[:firebase_core] AndroidManifest.xml:10:17-123
58                android:value="com.google.firebase.components.ComponentRegistrar" />
58-->[:firebase_core] AndroidManifest.xml:11:17-82
59            <meta-data
59-->[com.google.android.gms:play-services-measurement-api:17.2.2] AndroidManifest.xml:30:13-32:85
60                android:name="com.google.firebase.components:com.google.firebase.analytics.connector.internal.AnalyticsConnectorRegistrar"
60-->[com.google.android.gms:play-services-measurement-api:17.2.2] AndroidManifest.xml:31:17-139
61                android:value="com.google.firebase.components.ComponentRegistrar" />
61-->[com.google.android.gms:play-services-measurement-api:17.2.2] AndroidManifest.xml:32:17-82
62            <meta-data
62-->[com.google.firebase:firebase-storage:17.0.0] AndroidManifest.xml:31:13-33:85
63                android:name="com.google.firebase.components:com.google.firebase.storage.StorageRegistrar"
63-->[com.google.firebase:firebase-storage:17.0.0] AndroidManifest.xml:32:17-107
64                android:value="com.google.firebase.components.ComponentRegistrar" />
64-->[com.google.firebase:firebase-storage:17.0.0] AndroidManifest.xml:33:17-82
65            <meta-data
65-->[com.google.firebase:firebase-iid:20.0.2] AndroidManifest.xml:32:13-34:85
66                android:name="com.google.firebase.components:com.google.firebase.iid.Registrar"
66-->[com.google.firebase:firebase-iid:20.0.2] AndroidManifest.xml:33:17-96
67                android:value="com.google.firebase.components.ComponentRegistrar" />
67-->[com.google.firebase:firebase-iid:20.0.2] AndroidManifest.xml:34:17-82
68        </service>
69
70        <receiver
70-->[com.google.android.gms:play-services-measurement:17.2.2] AndroidManifest.xml:29:9-33:20
71            android:name="com.google.android.gms.measurement.AppMeasurementReceiver"
71-->[com.google.android.gms:play-services-measurement:17.2.2] AndroidManifest.xml:30:13-85
72            android:enabled="true"
72-->[com.google.android.gms:play-services-measurement:17.2.2] AndroidManifest.xml:31:13-35
73            android:exported="false" >
73-->[com.google.android.gms:play-services-measurement:17.2.2] AndroidManifest.xml:32:13-37
74        </receiver>
75        <receiver
75-->[com.google.android.gms:play-services-measurement:17.2.2] AndroidManifest.xml:34:9-42:20
76            android:name="com.google.android.gms.measurement.AppMeasurementInstallReferrerReceiver"
76-->[com.google.android.gms:play-services-measurement:17.2.2] AndroidManifest.xml:35:13-100
77            android:enabled="true"
77-->[com.google.android.gms:play-services-measurement:17.2.2] AndroidManifest.xml:36:13-35
78            android:exported="true"
78-->[com.google.android.gms:play-services-measurement:17.2.2] AndroidManifest.xml:37:13-36
79            android:permission="android.permission.INSTALL_PACKAGES" >
79-->[com.google.android.gms:play-services-measurement:17.2.2] AndroidManifest.xml:38:13-69
80            <intent-filter>
80-->[com.google.android.gms:play-services-measurement:17.2.2] AndroidManifest.xml:39:13-41:29
81                <action android:name="com.android.vending.INSTALL_REFERRER" />
81-->[com.google.android.gms:play-services-measurement:17.2.2] AndroidManifest.xml:40:17-79
81-->[com.google.android.gms:play-services-measurement:17.2.2] AndroidManifest.xml:40:25-76
82            </intent-filter>
83        </receiver>
84
85        <service
85-->[com.google.android.gms:play-services-measurement:17.2.2] AndroidManifest.xml:44:9-47:40
86            android:name="com.google.android.gms.measurement.AppMeasurementService"
86-->[com.google.android.gms:play-services-measurement:17.2.2] AndroidManifest.xml:45:13-84
87            android:enabled="true"
87-->[com.google.android.gms:play-services-measurement:17.2.2] AndroidManifest.xml:46:13-35
88            android:exported="false" />
88-->[com.google.android.gms:play-services-measurement:17.2.2] AndroidManifest.xml:47:13-37
89        <service
89-->[com.google.android.gms:play-services-measurement:17.2.2] AndroidManifest.xml:48:9-52:72
90            android:name="com.google.android.gms.measurement.AppMeasurementJobService"
90-->[com.google.android.gms:play-services-measurement:17.2.2] AndroidManifest.xml:49:13-87
91            android:enabled="true"
91-->[com.google.android.gms:play-services-measurement:17.2.2] AndroidManifest.xml:50:13-35
92            android:exported="false"
92-->[com.google.android.gms:play-services-measurement:17.2.2] AndroidManifest.xml:51:13-37
93            android:permission="android.permission.BIND_JOB_SERVICE" />
93-->[com.google.android.gms:play-services-measurement:17.2.2] AndroidManifest.xml:52:13-69
94
95        <receiver
95-->[com.google.firebase:firebase-iid:20.0.2] AndroidManifest.xml:37:9-44:20
96            android:name="com.google.firebase.iid.FirebaseInstanceIdReceiver"
96-->[com.google.firebase:firebase-iid:20.0.2] AndroidManifest.xml:38:13-78
97            android:exported="true"
97-->[com.google.firebase:firebase-iid:20.0.2] AndroidManifest.xml:39:13-36
98            android:permission="com.google.android.c2dm.permission.SEND" >
98-->[com.google.firebase:firebase-iid:20.0.2] AndroidManifest.xml:40:13-73
99            <intent-filter>
99-->[com.google.firebase:firebase-iid:20.0.2] AndroidManifest.xml:41:13-43:29
100                <action android:name="com.google.android.c2dm.intent.RECEIVE" />
100-->[com.google.firebase:firebase-iid:20.0.2] AndroidManifest.xml:42:17-81
100-->[com.google.firebase:firebase-iid:20.0.2] AndroidManifest.xml:42:25-78
101            </intent-filter>
102        </receiver>
103
104        <provider
104-->[com.google.firebase:firebase-common:19.3.0] AndroidManifest.xml:26:9-30:39
105            android:name="com.google.firebase.provider.FirebaseInitProvider"
105-->[com.google.firebase:firebase-common:19.3.0] AndroidManifest.xml:27:13-77
106            android:authorities="fitness.elastica.firebaseinitprovider"
106-->[com.google.firebase:firebase-common:19.3.0] AndroidManifest.xml:28:13-72
107            android:exported="false"
107-->[com.google.firebase:firebase-common:19.3.0] AndroidManifest.xml:29:13-37
108            android:initOrder="100" />
108-->[com.google.firebase:firebase-common:19.3.0] AndroidManifest.xml:30:13-36
109
110        <activity
110-->[com.google.android.gms:play-services-base:17.0.0] AndroidManifest.xml:23:9-26:75
111            android:name="com.google.android.gms.common.api.GoogleApiActivity"
111-->[com.google.android.gms:play-services-base:17.0.0] AndroidManifest.xml:24:13-79
112            android:exported="false"
112-->[com.google.android.gms:play-services-base:17.0.0] AndroidManifest.xml:25:13-37
113            android:theme="@android:style/Theme.Translucent.NoTitleBar" />
113-->[com.google.android.gms:play-services-base:17.0.0] AndroidManifest.xml:26:13-72
114
115        <meta-data
115-->[com.google.android.gms:play-services-basement:17.0.0] AndroidManifest.xml:23:9-25:69
116            android:name="com.google.android.gms.version"
116-->[com.google.android.gms:play-services-basement:17.0.0] AndroidManifest.xml:24:13-58
117            android:value="@integer/google_play_services_version" />
117-->[com.google.android.gms:play-services-basement:17.0.0] AndroidManifest.xml:25:13-66
118    </application>
119
120</manifest>